Arguments: 
  /usr/local/bin/node /Users/terenyeung/.yarn/bin/yarn.js add webpack --dev

PATH: 
  /Users/terenyeung/.pyenv/shims:/Library/Frameworks/Python.framework/Versions/2.7/bin:/Users/terenyeung/.yarn/bin:/usr/local/bin:/usr/bin:/bin:/usr/sbin:/sbin:/Users/terenyeung/.pyenv/shims:/Library/Frameworks/Python.framework/Versions/2.7/bin:/Users/terenyeung/.yarn/bin:/Applications/Postgres.app/Contents/Versions/9.6/bin:/Applications/Postgres.app/Contents/Versions/9.6/bin

Yarn version: 
  0.23.2

Node version: 
  6.10.2

Platform: 
  darwin x64

npm manifest: 
  {
    "name": "es6-babel-webpack-study",
    "version": "1.0.0",
    "description": "this is the lession of es6",
    "main": "index.js",
    "author": "teren",
    "license": "MIT",
    "dependencies": {}
  }

yarn manifest: 
  No manifest

Lockfile: 
  # THIS IS AN AUTOGENERATED FILE. DO NOT EDIT THIS FILE DIRECTLY.
  # yarn lockfile v1

Trace: 
  Error: connect ETIMEDOUT 114.55.80.225:443
      at Object.exports._errnoException (util.js:1018:11)
      at exports._exceptionWithHostPort (util.js:1041:20)
      at TCPConnectWrap.afterConnect [as oncomplete] (net.js:1090:14)
